<?xml version="1.0" encoding="UTF-8"?>
<coverage generated="1620644810996" clover="3.2.0">
  <project timestamp="1620644810996" name="All files">
    <metrics statements="31" coveredstatements="31" conditionals="26" coveredconditionals="19" methods="2" coveredmethods="2" elements="59" coveredelements="52" complexity="0" loc="31" ncloc="31" packages="1" files="1" classes="1"/>
    <file name="index.ts" path="/Users/hubper/Dev/snowpack-svgr/packages/snowpack-svgr/src/index.ts">
      <metrics statements="31" coveredstatements="31" conditionals="26" coveredconditionals="19" methods="2" coveredmethods="2"/>
      <line num="1" count="1" type="stmt"/>
      <line num="4" count="1" type="stmt"/>
      <line num="6" count="1" type="stmt"/>
      <line num="8" count="1" type="stmt"/>
      <line num="9" count="1" type="stmt"/>
      <line num="11" count="1" type="stmt"/>
      <line num="13" count="1" type="stmt"/>
      <line num="15" count="1" type="stmt"/>
      <line num="25" count="2" type="stmt"/>
      <line num="26" count="2" type="cond" truecount="2" falsecount="0"/>
      <line num="27" count="2" type="cond" truecount="1" falsecount="1"/>
      <line num="28" count="2" type="cond" truecount="1" falsecount="1"/>
      <line num="31" count="2" type="stmt"/>
      <line num="37" count="2" type="stmt"/>
      <line num="38" count="2" type="stmt"/>
      <line num="40" count="2" type="stmt"/>
      <line num="41" count="2" type="cond" truecount="1" falsecount="1"/>
      <line num="42" count="2" type="stmt"/>
      <line num="46" count="2" type="stmt"/>
      <line num="47" count="2" type="stmt"/>
      <line num="48" count="2" type="stmt"/>
      <line num="64" count="2" type="stmt"/>
      <line num="77" count="2" type="cond" truecount="3" falsecount="1"/>
      <line num="79" count="2" type="stmt"/>
      <line num="81" count="2" type="cond" truecount="6" falsecount="2"/>
      <line num="83" count="3" type="cond" truecount="2" falsecount="0"/>
      <line num="84" count="1" type="stmt"/>
      <line num="89" count="1" type="cond" truecount="2" falsecount="0"/>
      <line num="91" count="1" type="stmt"/>
      <line num="95" count="1" type="stmt"/>
      <line num="102" count="1" type="stmt"/>
    </file>
  </project>
</coverage>
