{"/Users/hubper/Dev/snowpack-svgr/packages/snowpack-svgr/src/index.ts": {"path":"/Users/hubper/Dev/snowpack-svgr/packages/snowpack-svgr/src/index.ts","statementMap":{"0":{"start":{"line":1,"column":0},"end":{"line":1,"column":36}},"1":{"start":{"line":4,"column":0},"end":{"line":4,"column":33}},"2":{"start":{"line":6,"column":0},"end":{"line":6,"column":37}},"3":{"start":{"line":8,"column":0},"end":{"line":8,"column":35}},"4":{"start":{"line":9,"column":0},"end":{"line":9,"column":37}},"5":{"start":{"line":11,"column":0},"end":{"line":11,"column":46}},"6":{"start":{"line":13,"column":0},"end":{"line":13,"column":42}},"7":{"start":{"line":15,"column":0},"end":{"line":15,"column":99}},"8":{"start":{"line":25,"column":2},"end":{"line":29,"column":null}},"9":{"start":{"line":26,"column":4},"end":{"line":26,"column":22}},"10":{"start":{"line":26,"column":22},"end":{"line":26,"column":null}},"11":{"start":{"line":27,"column":4},"end":{"line":27,"column":15}},"12":{"start":{"line":27,"column":15},"end":{"line":27,"column":null}},"13":{"start":{"line":28,"column":4},"end":{"line":28,"column":16}},"14":{"start":{"line":28,"column":16},"end":{"line":28,"column":null}},"15":{"start":{"line":31,"column":2},"end":{"line":99,"column":4}},"16":{"start":{"line":37,"column":25},"end":{"line":37,"column":27}},"17":{"start":{"line":37,"column":34},"end":{"line":37,"column":55}},"18":{"start":{"line":38,"column":10},"end":{"line":38,"column":26}},"19":{"start":{"line":40,"column":6},"end":{"line":44,"column":null}},"20":{"start":{"line":40,"column":17},"end":{"line":40,"column":33}},"21":{"start":{"line":41,"column":8},"end":{"line":43,"column":null}},"22":{"start":{"line":42,"column":10},"end":{"line":42,"column":52}},"23":{"start":{"line":46,"column":23},"end":{"line":46,"column":null}},"24":{"start":{"line":46,"column":12},"end":{"line":46,"column":null}},"25":{"start":{"line":48,"column":8},"end":{"line":61,"column":null}},"26":{"start":{"line":47,"column":12},"end":{"line":62,"column":null}},"27":{"start":{"line":64,"column":12},"end":{"line":76,"column":9}},"28":{"start":{"line":77,"column":12},"end":{"line":77,"column":47}},"29":{"start":{"line":79,"column":24},"end":{"line":79,"column":null}},"30":{"start":{"line":79,"column":12},"end":{"line":79,"column":null}},"31":{"start":{"line":81,"column":10},"end":{"line":81,"column":41}},"32":{"start":{"line":83,"column":10},"end":{"line":83,"column":28}},"33":{"start":{"line":84,"column":8},"end":{"line":87,"column":10}},"34":{"start":{"line":91,"column":10},"end":{"line":91,"column":18}},"35":{"start":{"line":91,"column":18},"end":{"line":91,"column":null}},"36":{"start":{"line":89,"column":8},"end":{"line":92,"column":null}},"37":{"start":{"line":95,"column":6},"end":{"line":97,"column":8}},"38":{"start":{"line":102,"column":0},"end":{"line":102,"column":28}}},"fnMap":{"0":{"name":"snowpackSvgr","decl":{"start":{"line":23,"column":9},"end":{"line":23,"column":21}},"loc":{"start":{"line":29,"column":29},"end":{"line":100,"column":1}}},"1":{"name":"(anonymous_1)","decl":{"start":{"line":37,"column":4},"end":{"line":37,"column":10}},"loc":{"start":{"line":37,"column":55},"end":{"line":98,"column":null}}}},"branchMap":{"0":{"loc":{"start":{"line":29,"column":27},"end":{"line":29,"column":29}},"type":"cond-expr","locations":[{"start":{"line":29,"column":27},"end":{"line":29,"column":29}},{"start":{"line":29,"column":29},"end":{"line":29,"column":null}}]},"1":{"loc":{"start":{"line":26,"column":25},"end":{"line":26,"column":30}},"type":"cond-expr","locations":[{"start":{"line":26,"column":25},"end":{"line":26,"column":30}},{"start":{"line":26,"column":30},"end":{"line":26,"column":null}}]},"2":{"loc":{"start":{"line":27,"column":18},"end":{"line":27,"column":20}},"type":"cond-expr","locations":[{"start":{"line":27,"column":18},"end":{"line":27,"column":20}},{"start":{"line":27,"column":20},"end":{"line":27,"column":null}}]},"3":{"loc":{"start":{"line":28,"column":19},"end":{"line":28,"column":21}},"type":"cond-expr","locations":[{"start":{"line":28,"column":19},"end":{"line":28,"column":21}},{"start":{"line":28,"column":21},"end":{"line":28,"column":null}}]},"4":{"loc":{"start":{"line":89,"column":8},"end":{"line":92,"column":null}},"type":"switch","locations":[{"start":{"line":89,"column":8},"end":{"line":92,"column":null}},{"start":{"line":95,"column":6},"end":{"line":97,"column":8}}]},"5":{"loc":{"start":{"line":41,"column":8},"end":{"line":43,"column":null}},"type":"if","locations":[{"start":{"line":41,"column":8},"end":{"line":43,"column":null}},{"start":{"line":41,"column":8},"end":{"line":43,"column":null}}]},"6":{"loc":{"start":{"line":77,"column":37},"end":{"line":77,"column":39}},"type":"cond-expr","locations":[{"start":{"line":77,"column":37},"end":{"line":77,"column":39}},{"start":{"line":77,"column":31},"end":{"line":77,"column":46}}]},"7":{"loc":{"start":{"line":77,"column":31},"end":{"line":77,"column":39}},"type":"binary-expr","locations":[{"start":{"line":77,"column":31},"end":{"line":77,"column":39}},{"start":{"line":77,"column":31},"end":{"line":77,"column":39}}]},"8":{"loc":{"start":{"line":81,"column":34},"end":{"line":81,"column":38}},"type":"cond-expr","locations":[{"start":{"line":81,"column":34},"end":{"line":81,"column":38}},{"start":{"line":81,"column":38},"end":{"line":81,"column":40}}]},"9":{"loc":{"start":{"line":81,"column":19},"end":{"line":81,"column":38}},"type":"binary-expr","locations":[{"start":{"line":81,"column":19},"end":{"line":81,"column":38}},{"start":{"line":81,"column":34},"end":{"line":81,"column":38}}]},"10":{"loc":{"start":{"line":81,"column":28},"end":{"line":81,"column":30}},"type":"cond-expr","locations":[{"start":{"line":81,"column":28},"end":{"line":81,"column":30}},{"start":{"line":81,"column":19},"end":{"line":81,"column":34}}]},"11":{"loc":{"start":{"line":81,"column":19},"end":{"line":81,"column":30}},"type":"binary-expr","locations":[{"start":{"line":81,"column":19},"end":{"line":81,"column":30}},{"start":{"line":81,"column":19},"end":{"line":81,"column":30}}]},"12":{"loc":{"start":{"line":83,"column":10},"end":{"line":83,"column":28}},"type":"if","locations":[{"start":{"line":83,"column":10},"end":{"line":83,"column":28}},{"start":{"line":83,"column":10},"end":{"line":83,"column":28}}]}},"s":{"0":1,"1":1,"2":1,"3":1,"4":1,"5":1,"6":1,"7":1,"8":2,"9":2,"10":2,"11":2,"12":2,"13":2,"14":2,"15":2,"16":2,"17":2,"18":2,"19":2,"20":2,"21":2,"22":2,"23":2,"24":2,"25":2,"26":2,"27":2,"28":2,"29":2,"30":2,"31":2,"32":3,"33":1,"34":1,"35":1,"36":1,"37":1,"38":1},"f":{"0":2,"1":2},"b":{"0":[0,2],"1":[1,1],"2":[0,2],"3":[2,0],"4":[1,1],"5":[2,0],"6":[0,2],"7":[2,2],"8":[2,0],"9":[2,2],"10":[0,2],"11":[2,2],"12":[1,1]}}
}
