TN:
SF:src/index.ts
FN:23,snowpackSvgr
FN:37,(anonymous_1)
FNF:2
FNH:2
FNDA:2,snowpackSvgr
FNDA:2,(anonymous_1)
DA:1,1
DA:4,1
DA:6,1
DA:8,1
DA:9,1
DA:11,1
DA:13,1
DA:15,1
DA:25,2
DA:26,2
DA:27,2
DA:28,2
DA:31,2
DA:37,2
DA:38,2
DA:40,2
DA:41,2
DA:42,2
DA:46,2
DA:47,2
DA:48,2
DA:64,2
DA:77,2
DA:79,2
DA:81,2
DA:83,3
DA:84,1
DA:89,1
DA:91,1
DA:95,1
DA:102,1
LF:31
LH:31
BRDA:29,0,0,0
BRDA:29,0,1,2
BRDA:26,1,0,1
BRDA:26,1,1,1
BRDA:27,2,0,0
BRDA:27,2,1,2
BRDA:28,3,0,2
BRDA:28,3,1,0
BRDA:89,4,0,1
BRDA:89,4,1,1
BRDA:41,5,0,2
BRDA:41,5,1,0
BRDA:77,6,0,0
BRDA:77,6,1,2
BRDA:77,7,0,2
BRDA:77,7,1,2
BRDA:81,8,0,2
BRDA:81,8,1,0
BRDA:81,9,0,2
BRDA:81,9,1,2
BRDA:81,10,0,0
BRDA:81,10,1,2
BRDA:81,11,0,2
BRDA:81,11,1,2
BRDA:83,12,0,1
BRDA:83,12,1,1
BRF:26
BRH:19
end_of_record
